<?xml version="1.0" encoding="UTF-8"?>
<!-- Generated by org.testng.reporters.JUnitReportReporter -->
<testsuite skipped="0" hostname="DESKTOP-ADGCHK6" name="com.ebanking.master.SelGrid" tests="2" failures="0" timestamp="2024-02-23T17:07:24 IST" time="53.293" errors="0">
  <testcase name="Grid" time="30.148" classname="com.ebanking.master.SelGrid"/>
  <system-out/>
  <testcase name="Grid" time="23.145" classname="com.ebanking.master.SelGrid"/>
  <system-out/>
</testsuite> <!-- com.ebanking.master.SelGrid -->
