<?xml version="1.0" encoding="UTF-8"?>
<!-- Generated by org.testng.reporters.JUnitReportReporter -->
<testsuite skipped="0" hostname="DESKTOP-ADGCHK6" name="com.ebanking.master.RoleNg" tests="3" failures="0" timestamp="2024-02-09T17:14:20 IST" time="23.891" errors="0">
  <testcase name="Rol" time="7.820" classname="com.ebanking.master.RoleNg"/>
  <system-out/>
  <testcase name="Rol" time="7.904" classname="com.ebanking.master.RoleNg"/>
  <system-out/>
  <testcase name="Rol" time="8.167" classname="com.ebanking.master.RoleNg"/>
  <system-out/>
</testsuite> <!-- com.ebanking.master.RoleNg -->
