<?xml version="1.0" encoding="UTF-8"?>
<!-- Generated by org.testng.reporters.JUnitReportReporter -->
<testsuite skipped="0" hostname="DESKTOP-ADGCHK6" name="com.ebanking.master.BranchNg" tests="1" failures="0" timestamp="2024-02-09T17:14:20 IST" time="12.359" errors="0">
  <testcase name="Branch" time="12.359" classname="com.ebanking.master.BranchNg"/>
  <system-out/>
</testsuite> <!-- com.ebanking.master.BranchNg -->
