<?xml version="1.0" encoding="UTF-8"?>
<!-- Generated by org.testng.reporters.JUnitReportReporter -->
<testsuite skipped="0" hostname="DESKTOP-ADGCHK6" name="com.ebanking.master.SampleNG" tests="2" failures="0" timestamp="2024-02-06T17:32:44 IST" time="44.080" errors="0">
  <testcase name="Url" time="24.412" classname="com.ebanking.master.SampleNG"/>
  <system-out/>
  <testcase name="BUrl" time="19.668" classname="com.ebanking.master.SampleNG"/>
  <system-out/>
</testsuite> <!-- com.ebanking.master.SampleNG -->
